  [1m[35m (0.1ms)[0m  [1m[34mSELECT sqlite_version(*)[0m
  â†³ bin/rails:9
  [1m[35m (11.2ms)[0m  [1m[35mCREATE TABLE "schema_migrations" ("version" varchar NOT NULL PRIMARY KEY)[0m
  â†³ bin/rails:9
  [1m[35m (3.6ms)[0m  [1m[35mCREATE TABLE "ar_internal_metadata" ("key" varchar NOT NULL PRIMARY KEY, "value" varchar, "created_at" datetime NOT NULL, "updated_at" datetime NOT NULL)[0m
  â†³ bin/rails:9
  [1m[35m (0.1ms)[0m  [1m[34mSELECT "schema_migrations"."version" FROM "schema_migrations" ORDER BY "schema_migrations"."version" ASC[0m
  â†³ bin/rails:9
Migrating to DeviseCreateUsers (20200830060820)
  [1m[35m (0.0ms)[0m  [1m[36mbegin transaction[0m
  â†³ bin/rails:9
  [1m[35m (1.0ms)[0m  [1m[35mCREATE TABLE "users" ("id" integer PRIMARY KEY AUTOINCREMENT NOT NULL, "email" varchar DEFAULT '' NOT NULL, "encrypted_password" varchar DEFAULT '' NOT NULL, "reset_password_token" varchar, "reset_password_sent_at" datetime, "remember_created_at" datetime, "name" varchar, "introduction" text, "profile_image_id" varchar, "created_at" datetime NOT NULL, "updated_at" datetime NOT NULL)[0m
  â†³ db/migrate/20200830060820_devise_create_users.rb:5
  [1m[35m (0.2ms)[0m  [1m[35mCREATE UNIQUE INDEX "index_users_on_email" ON "users" ("email")[0m
  â†³ db/migrate/20200830060820_devise_create_users.rb:41
  [1m[35m (0.1ms)[0m  [1m[35mCREATE UNIQUE INDEX "index_users_on_reset_password_token" ON "users" ("reset_password_token")[0m
  â†³ db/migrate/20200830060820_devise_create_users.rb:42
  [1m[36mActiveRecord::SchemaMigration Create (0.1ms)[0m  [1m[32mINSERT INTO "schema_migrations" ("version") VALUES (?)[0m  [["version", "20200830060820"]]
  â†³ bin/rails:9
  [1m[35m (5.7ms)[0m  [1m[36mcommit transaction[0m
  â†³ bin/rails:9
Migrating to CreateBooks (20200830062142)
  [1m[35m (0.1ms)[0m  [1m[36mbegin transaction[0m
  â†³ bin/rails:9
  [1m[35m (0.2ms)[0m  [1m[35mCREATE TABLE "books" ("id" integer PRIMARY KEY AUTOINCREMENT NOT NULL, "title" varchar, "body" text, "user_id" integer, "created_at" datetime NOT NULL, "updated_at" datetime NOT NULL)[0m
  â†³ db/migrate/20200830062142_create_books.rb:3
  [1m[36mActiveRecord::SchemaMigration Create (0.1ms)[0m  [1m[32mINSERT INTO "schema_migrations" ("version") VALUES (?)[0m  [["version", "20200830062142"]]
  â†³ bin/rails:9
  [1m[35m (4.7ms)[0m  [1m[36mcommit transaction[0m
  â†³ bin/rails:9
Migrating to CreateFavorites (20210601105746)
  [1m[35m (0.1ms)[0m  [1m[36mbegin transaction[0m
  â†³ bin/rails:9
  [1m[35m (0.2ms)[0m  [1m[35mCREATE TABLE "favorites" ("id" integer PRIMARY KEY AUTOINCREMENT NOT NULL, "user_id" integer, "book_id" integer, "created_at" datetime NOT NULL, "updated_at" datetime NOT NULL)[0m
  â†³ db/migrate/20210601105746_create_favorites.rb:3
  [1m[36mActiveRecord::SchemaMigration Create (0.1ms)[0m  [1m[32mINSERT INTO "schema_migrations" ("version") VALUES (?)[0m  [["version", "20210601105746"]]
  â†³ bin/rails:9
  [1m[35m (4.0ms)[0m  [1m[36mcommit transaction[0m
  â†³ bin/rails:9
Migrating to CreateBookComments (20210601115351)
  [1m[35m (0.0ms)[0m  [1m[36mbegin transaction[0m
  â†³ bin/rails:9
  [1m[35m (0.2ms)[0m  [1m[35mCREATE TABLE "book_comments" ("id" integer PRIMARY KEY AUTOINCREMENT NOT NULL, "comment" text, "user_id" integer, "book_id" integer, "created_at" datetime NOT NULL, "updated_at" datetime NOT NULL)[0m
  â†³ db/migrate/20210601115351_create_book_comments.rb:3
  [1m[36mActiveRecord::SchemaMigration Create (0.1ms)[0m  [1m[32mINSERT INTO "schema_migrations" ("version") VALUES (?)[0m  [["version", "20210601115351"]]
  â†³ bin/rails:9
  [1m[35m (3.4ms)[0m  [1m[36mcommit transaction[0m
  â†³ bin/rails:9
Migrating to CreateRelationships (20210601215050)
  [1m[35m (0.0ms)[0m  [1m[36mbegin transaction[0m
  â†³ bin/rails:9
  [1m[35m (0.2ms)[0m  [1m[35mCREATE TABLE "relationships" ("id" integer PRIMARY KEY AUTOINCREMENT NOT NULL, "follower_id" integer, "followed_id" integer, "created_at" datetime NOT NULL, "updated_at" datetime NOT NULL)[0m
  â†³ db/migrate/20210601215050_create_relationships.rb:3
  [1m[36mActiveRecord::SchemaMigration Create (0.1ms)[0m  [1m[32mINSERT INTO "schema_migrations" ("version") VALUES (?)[0m  [["version", "20210601215050"]]
  â†³ bin/rails:9
  [1m[35m (3.3ms)[0m  [1m[36mcommit transaction[0m
  â†³ bin/rails:9
  [1m[36mActiveRecord::InternalMetadata Load (0.1ms)[0m  [1m[34mSELECT  "ar_internal_metadata".* FROM "ar_internal_metadata" WHERE "ar_internal_metadata"."key" = ? LIMIT ?[0m  [["key", "environment"], ["LIMIT", 1]]
  â†³ bin/rails:9
  [1m[35m (0.0ms)[0m  [1m[36mbegin transaction[0m
  â†³ bin/rails:9
  [1m[36mActiveRecord::InternalMetadata Create (3.9ms)[0m  [1m[32mINSERT INTO "ar_internal_metadata" ("key", "value", "created_at", "updated_at") VALUES (?, ?, ?, ?)[0m  [["key", "environment"], ["value", "development"], ["created_at", "2021-06-06 01:10:14.589494"], ["updated_at", "2021-06-06 01:10:14.589494"]]
  â†³ bin/rails:9
  [1m[35m (3.0ms)[0m  [1m[36mcommit transaction[0m
  â†³ bin/rails:9
  [1m[35m (0.1ms)[0m  [1m[34mSELECT "schema_migrations"."version" FROM "schema_migrations" ORDER BY "schema_migrations"."version" ASC[0m
  â†³ bin/rails:9
Started GET "/" for 113.158.219.117 at 2021-06-06 01:10:27 +0000
Cannot render console from 113.158.219.117! Allowed networks: 127.0.0.1, ::1, 127.0.0.0/127.255.255.255
  [1m[35m (0.1ms)[0m  [1m[34mSELECT "schema_migrations"."version" FROM "schema_migrations" ORDER BY "schema_migrations"."version" ASC[0m
  â†³ /home/ec2-user/.rvm/gems/ruby-2.6.3/gems/activerecord-5.2.5/lib/active_record/log_subscriber.rb:98
Processing by HomesController#top as HTML
  Rendering homes/top.html.erb within layouts/application
  Rendered homes/top.html.erb within layouts/application (2.2ms)
Started GET "/" for 113.158.219.117 at 2021-06-06 01:10:28 +0000
Cannot render console from 113.158.219.117! Allowed networks: 127.0.0.1, ::1, 127.0.0.0/127.255.255.255
Processing by HomesController#top as HTML
  Rendering homes/top.html.erb within layouts/application
  Rendered homes/top.html.erb within layouts/application (0.6ms)
  Rendered layouts/_header.html.erb (3.0ms)
  Rendered layouts/_footer.html.erb (0.3ms)
Completed 200 OK in 15504ms (Views: 15474.1ms | ActiveRecord: 0.0ms)


  Rendered layouts/_header.html.erb (2.1ms)
  Rendered layouts/_footer.html.erb (0.2ms)
Completed 200 OK in 14620ms (Views: 14619.7ms | ActiveRecord: 0.0ms)


Started GET "/users/sign_in" for 113.158.219.117 at 2021-06-06 01:10:49 +0000
Cannot render console from 113.158.219.117! Allowed networks: 127.0.0.1, ::1, 127.0.0.0/127.255.255.255
Processing by Devise::SessionsController#new as HTML
  Rendering devise/sessions/new.html.erb within layouts/application
  Rendered devise/shared/_links.html.erb (2.2ms)
  Rendered devise/sessions/new.html.erb within layouts/application (53.7ms)
  Rendered layouts/_header.html.erb (0.8ms)
  Rendered layouts/_footer.html.erb (0.2ms)
Completed 200 OK in 217ms (Views: 182.0ms | ActiveRecord: 0.6ms)


Started GET "/users/sign_up" for 113.158.219.117 at 2021-06-06 01:10:56 +0000
Cannot render console from 113.158.219.117! Allowed networks: 127.0.0.1, ::1, 127.0.0.0/127.255.255.255
Processing by Devise::RegistrationsController#new as HTML
  Rendering devise/registrations/new.html.erb within layouts/application
  Rendered devise/shared/_error_messages.html.erb (0.5ms)
  Rendered devise/shared/_links.html.erb (0.8ms)
  Rendered devise/registrations/new.html.erb within layouts/application (13.1ms)
  Rendered layouts/_header.html.erb (0.9ms)
  Rendered layouts/_footer.html.erb (0.2ms)
Completed 200 OK in 119ms (Views: 118.2ms | ActiveRecord: 0.0ms)


Started POST "/users" for 113.158.219.117 at 2021-06-06 01:11:06 +0000
Cannot render console from 113.158.219.117! Allowed networks: 127.0.0.1, ::1, 127.0.0.0/127.255.255.255
Processing by Devise::RegistrationsController#create as HTML
  Parameters: {"utf8"=>"âœ“", "authenticity_token"=>"9FDeX9uCDg7yyu7p1z6QxO9BHW7c3_cblIRI4u9nuT1b_z56Ie_Dggsi8CUcE7o1u1maq4eqiObl8pCbdbWLvw", "user"=>{"name"=>"test1", "email"=>"test1@test1", "password"=>"[FILTERED]", "password_confirmation"=>"[FILTERED]"}, "commit"=>"Sign up"}
  [1m[35m (0.1ms)[0m  [1m[36mbegin transaction[0m
  â†³ /home/ec2-user/.rvm/gems/ruby-2.6.3/gems/activerecord-5.2.5/lib/active_record/log_subscriber.rb:98
  [1m[36mUser Exists (0.2ms)[0m  [1m[34mSELECT  1 AS one FROM "users" WHERE "users"."email" = ? LIMIT ?[0m  [["email", "test1@test1"], ["LIMIT", 1]]
  â†³ /home/ec2-user/.rvm/gems/ruby-2.6.3/gems/activerecord-5.2.5/lib/active_record/log_subscriber.rb:98
  [1m[36mUser Exists (0.1ms)[0m  [1m[34mSELECT  1 AS one FROM "users" WHERE "users"."name" = ? LIMIT ?[0m  [["name", "test1"], ["LIMIT", 1]]
  â†³ /home/ec2-user/.rvm/gems/ruby-2.6.3/gems/activerecord-5.2.5/lib/active_record/log_subscriber.rb:98
  [1m[36mUser Create (2.0ms)[0m  [1m[32mINSERT INTO "users" ("email", "encrypted_password", "name", "created_at", "updated_at") VALUES (?, ?, ?, ?, ?)[0m  [["email", "test1@test1"], ["encrypted_password", "$2a$12$t1BnGjMQOpUcJO/ClN8bpe6aRcylzeBNWy9u2WSl4dA9pR0DV/Jcy"], ["name", "test1"], ["created_at", "2021-06-06 01:11:06.776189"], ["updated_at", "2021-06-06 01:11:06.776189"]]
  â†³ /home/ec2-user/.rvm/gems/ruby-2.6.3/gems/activerecord-5.2.5/lib/active_record/log_subscriber.rb:98
  [1m[35m (5.6ms)[0m  [1m[36mcommit transaction[0m
  â†³ /home/ec2-user/.rvm/gems/ruby-2.6.3/gems/activerecord-5.2.5/lib/active_record/log_subscriber.rb:98
Redirected to https://ba94ba423ad84ce6b90958b726b79ff9.vfs.cloud9.us-east-1.amazonaws.com/users/1
Completed 302 Found in 341ms (ActiveRecord: 8.0ms)


Started GET "/users/1" for 113.158.219.117 at 2021-06-06 01:11:06 +0000
Cannot render console from 113.158.219.117! Allowed networks: 127.0.0.1, ::1, 127.0.0.0/127.255.255.255
Processing by UsersController#show as HTML
  Parameters: {"id"=>"1"}
  [1m[36mUser Load (0.2ms)[0m  [1m[34mSELECT  "users".* FROM "users" WHERE "users"."id" = ? ORDER BY "users"."id" ASC LIMIT ?[0m  [["id", 1], ["LIMIT", 1]]
  â†³ /home/ec2-user/.rvm/gems/ruby-2.6.3/gems/activerecord-5.2.5/lib/active_record/log_subscriber.rb:98
  [1m[36mUser Load (0.1ms)[0m  [1m[34mSELECT  "users".* FROM "users" WHERE "users"."id" = ? LIMIT ?[0m  [["id", 1], ["LIMIT", 1]]
  â†³ app/controllers/users_controller.rb:5
  Rendering users/show.html.erb within layouts/application
  [1m[35m (0.1ms)[0m  [1m[34mSELECT COUNT(*) FROM "users" INNER JOIN "relationships" ON "users"."id" = "relationships"."followed_id" WHERE "relationships"."follower_id" = ?[0m  [["follower_id", 1]]
  â†³ app/views/users/_info.html.erb:15
  [1m[35m (0.1ms)[0m  [1m[34mSELECT COUNT(*) FROM "users" INNER JOIN "relationships" ON "users"."id" = "relationships"."follower_id" WHERE "relationships"."followed_id" = ?[0m  [["followed_id", 1]]
  â†³ app/views/users/_info.html.erb:20
  Rendered users/_info.html.erb (34.8ms)
  Rendered layouts/_errors.html.erb (0.3ms)
  Rendered books/_form.html.erb (5.9ms)
  [1m[36mBook Load (0.1ms)[0m  [1m[34mSELECT "books".* FROM "books" WHERE "books"."user_id" = ?[0m  [["user_id", 1]]
  â†³ app/views/books/_index.html.erb:11
  Rendered books/_index.html.erb (3.1ms)
  [1m[35m (0.5ms)[0m  [1m[34mSELECT COUNT(*) FROM "books" WHERE "books"."created_at" BETWEEN ? AND ? AND "books"."user_id" = ?[0m  [["created_at", "2021-05-31 00:00:00"], ["created_at", "2021-05-31 23:59:59.999999"], ["user_id", 1]]
  â†³ app/views/users/show.html.erb:27
  [1m[35m (0.1ms)[0m  [1m[34mSELECT COUNT(*) FROM "books" WHERE "books"."created_at" BETWEEN ? AND ? AND "books"."user_id" = ?[0m  [["created_at", "2021-06-01 00:00:00"], ["created_at", "2021-06-01 23:59:59.999999"], ["user_id", 1]]
  â†³ app/views/users/show.html.erb:28
  [1m[35m (0.1ms)[0m  [1m[34mSELECT COUNT(*) FROM "books" WHERE "books"."created_at" BETWEEN ? AND ? AND "books"."user_id" = ?[0m  [["created_at", "2021-06-02 00:00:00"], ["created_at", "2021-06-02 23:59:59.999999"], ["user_id", 1]]
  â†³ app/views/users/show.html.erb:29
  [1m[35m (0.1ms)[0m  [1m[34mSELECT COUNT(*) FROM "books" WHERE "books"."created_at" BETWEEN ? AND ? AND "books"."user_id" = ?[0m  [["created_at", "2021-06-03 00:00:00"], ["created_at", "2021-06-03 23:59:59.999999"], ["user_id", 1]]
  â†³ app/views/users/show.html.erb:30
  [1m[35m (0.1ms)[0m  [1m[34mSELECT COUNT(*) FROM "books" WHERE "books"."created_at" BETWEEN ? AND ? AND "books"."user_id" = ?[0m  [["created_at", "2021-06-04 00:00:00"], ["created_at", "2021-06-04 23:59:59.999999"], ["user_id", 1]]
  â†³ app/views/users/show.html.erb:31
  [1m[35m (0.1ms)[0m  [1m[34mSELECT COUNT(*) FROM "books" WHERE "books"."created_at" BETWEEN ? AND ? AND "books"."user_id" = ?[0m  [["created_at", "2021-06-05 00:00:00"], ["created_at", "2021-06-05 23:59:59.999999"], ["user_id", 1]]
  â†³ app/views/users/show.html.erb:32
  [1m[35m (0.1ms)[0m  [1m[34mSELECT COUNT(*) FROM "books" WHERE "books"."created_at" BETWEEN ? AND ? AND "books"."user_id" = ?[0m  [["created_at", "2021-06-06 00:00:00"], ["created_at", "2021-06-06 23:59:59.999999"], ["user_id", 1]]
  â†³ app/views/users/show.html.erb:33
  Rendered users/show.html.erb within layouts/application (61.3ms)
  Rendered layouts/_header.html.erb (0.8ms)
  Rendered layouts/_footer.html.erb (0.2ms)
Completed 200 OK in 210ms (Views: 161.0ms | ActiveRecord: 6.0ms)


Started POST "/books" for 113.158.219.117 at 2021-06-06 01:11:22 +0000
Cannot render console from 113.158.219.117! Allowed networks: 127.0.0.1, ::1, 127.0.0.0/127.255.255.255
Processing by BooksController#create as HTML
  Parameters: {"utf8"=>"âœ“", "authenticity_token"=>"HmG6k1MTBCaM3Q_ac36X378ArXYyuRMqv-VA1DA_8DY5lGt4_XpyMIkU1zeCGC6k6o-suH9-MWMfnwfqwM0c-Q", "book"=>{"title"=>"ã¦ã™ã¨ï¼‘", "body"=>"test1"}, "commit"=>"Create Book"}
  [1m[36mUser Load (0.1ms)[0m  [1m[34mSELECT  "users".* FROM "users" WHERE "users"."id" = ? ORDER BY "users"."id" ASC LIMIT ?[0m  [["id", 1], ["LIMIT", 1]]
  â†³ /home/ec2-user/.rvm/gems/ruby-2.6.3/gems/activerecord-5.2.5/lib/active_record/log_subscriber.rb:98
  [1m[35m (0.1ms)[0m  [1m[36mbegin transaction[0m
  â†³ app/controllers/books_controller.rb:19
  [1m[36mUser Load (0.1ms)[0m  [1m[34mSELECT  "users".* FROM "users" WHERE "users"."id" = ? LIMIT ?[0m  [["id", 1], ["LIMIT", 1]]
  â†³ app/controllers/books_controller.rb:19
  [1m[36mBook Create (1.2ms)[0m  [1m[32mINSERT INTO "books" ("title", "body", "user_id", "created_at", "updated_at") VALUES (?, ?, ?, ?, ?)[0m  [["title", "ã¦ã™ã¨ï¼‘"], ["body", "test1"], ["user_id", 1], ["created_at", "2021-06-06 01:11:22.700173"], ["updated_at", "2021-06-06 01:11:22.700173"]]
  â†³ app/controllers/books_controller.rb:19
  [1m[35m (4.6ms)[0m  [1m[36mcommit transaction[0m
  â†³ app/controllers/books_controller.rb:19
Redirected to https://ba94ba423ad84ce6b90958b726b79ff9.vfs.cloud9.us-east-1.amazonaws.com/books/1
Completed 302 Found in 22ms (ActiveRecord: 6.0ms)


Started GET "/books/1" for 113.158.219.117 at 2021-06-06 01:11:22 +0000
Cannot render console from 113.158.219.117! Allowed networks: 127.0.0.1, ::1, 127.0.0.0/127.255.255.255
Processing by BooksController#show as HTML
  Parameters: {"id"=>"1"}
  [1m[36mUser Load (0.1ms)[0m  [1m[34mSELECT  "users".* FROM "users" WHERE "users"."id" = ? ORDER BY "users"."id" ASC LIMIT ?[0m  [["id", 1], ["LIMIT", 1]]
  â†³ /home/ec2-user/.rvm/gems/ruby-2.6.3/gems/activerecord-5.2.5/lib/active_record/log_subscriber.rb:98
  [1m[36mBook Load (0.1ms)[0m  [1m[34mSELECT  "books".* FROM "books" WHERE "books"."id" = ? LIMIT ?[0m  [["id", 1], ["LIMIT", 1]]
  â†³ app/controllers/books_controller.rb:5
  [1m[36mUser Load (0.1ms)[0m  [1m[34mSELECT  "users".* FROM "users" WHERE "users"."id" = ? LIMIT ?[0m  [["id", 1], ["LIMIT", 1]]
  â†³ app/controllers/books_controller.rb:7
  Rendering books/show.html.erb within layouts/application
  [1m[35m (0.2ms)[0m  [1m[34mSELECT COUNT(*) FROM "users" INNER JOIN "relationships" ON "users"."id" = "relationships"."followed_id" WHERE "relationships"."follower_id" = ?[0m  [["follower_id", 1]]
  â†³ app/views/users/_info.html.erb:15
  [1m[35m (0.1ms)[0m  [1m[34mSELECT COUNT(*) FROM "users" INNER JOIN "relationships" ON "users"."id" = "relationships"."follower_id" WHERE "relationships"."followed_id" = ?[0m  [["followed_id", 1]]
  â†³ app/views/users/_info.html.erb:20
  Rendered users/_info.html.erb (10.9ms)
  Rendered layouts/_errors.html.erb (0.3ms)
  Rendered books/_form.html.erb (3.9ms)
  [1m[36mFavorite Exists (0.1ms)[0m  [1m[34mSELECT  1 AS one FROM "favorites" WHERE "favorites"."book_id" = ? AND "favorites"."user_id" = ? LIMIT ?[0m  [["book_id", 1], ["user_id", 1], ["LIMIT", 1]]
  â†³ app/models/book.rb:8
  [1m[35m (0.1ms)[0m  [1m[34mSELECT COUNT(*) FROM "favorites" WHERE "favorites"."book_id" = ?[0m  [["book_id", 1]]
  â†³ app/views/favorites/_favorite.html.erb:11
  Rendered favorites/_favorite.html.erb (15.2ms)
  [1m[35m (0.1ms)[0m  [1m[34mSELECT COUNT(*) FROM "book_comments" WHERE "book_comments"."book_id" = ?[0m  [["book_id", 1]]
  â†³ app/views/books/show.html.erb:24
  [1m[36mBookComment Load (0.1ms)[0m  [1m[34mSELECT "book_comments".* FROM "book_comments" WHERE "book_comments"."book_id" = ?[0m  [["book_id", 1]]
  â†³ app/views/book_comments/_comment.html.erb:3
  Rendered book_comments/_comment.html.erb (4.0ms)
  Rendered books/show.html.erb within layouts/application (46.8ms)
  Rendered layouts/_header.html.erb (0.8ms)
  Rendered layouts/_footer.html.erb (0.2ms)
Completed 200 OK in 177ms (Views: 155.9ms | ActiveRecord: 1.8ms)


Started POST "/books" for 113.158.219.117 at 2021-06-06 01:11:29 +0000
Cannot render console from 113.158.219.117! Allowed networks: 127.0.0.1, ::1, 127.0.0.0/127.255.255.255
Processing by BooksController#create as HTML
  Parameters: {"utf8"=>"âœ“", "authenticity_token"=>"NELAGAco24o8Wc9VFHX9frm1odHreT-L4x7cNNzONlQTtxHzqUGtnDmQF7jlE0QF7DqgH6a-HcJDZJsKLDzamw", "book"=>{"title"=>"ã¦ã™ã¨ï¼’", "body"=>"test2"}, "commit"=>"Create Book"}
  [1m[36mUser Load (0.1ms)[0m  [1m[34mSELECT  "users".* FROM "users" WHERE "users"."id" = ? ORDER BY "users"."id" ASC LIMIT ?[0m  [["id", 1], ["LIMIT", 1]]
  â†³ /home/ec2-user/.rvm/gems/ruby-2.6.3/gems/activerecord-5.2.5/lib/active_record/log_subscriber.rb:98
  [1m[35m (0.1ms)[0m  [1m[36mbegin transaction[0m
  â†³ app/controllers/books_controller.rb:19
  [1m[36mUser Load (0.1ms)[0m  [1m[34mSELECT  "users".* FROM "users" WHERE "users"."id" = ? LIMIT ?[0m  [["id", 1], ["LIMIT", 1]]
  â†³ app/controllers/books_controller.rb:19
  [1m[36mBook Create (0.9ms)[0m  [1m[32mINSERT INTO "books" ("title", "body", "user_id", "created_at", "updated_at") VALUES (?, ?, ?, ?, ?)[0m  [["title", "ã¦ã™ã¨ï¼’"], ["body", "test2"], ["user_id", 1], ["created_at", "2021-06-06 01:11:29.237643"], ["updated_at", "2021-06-06 01:11:29.237643"]]
  â†³ app/controllers/books_controller.rb:19
  [1m[35m (3.5ms)[0m  [1m[36mcommit transaction[0m
  â†³ app/controllers/books_controller.rb:19
Redirected to https://ba94ba423ad84ce6b90958b726b79ff9.vfs.cloud9.us-east-1.amazonaws.com/books/2
Completed 302 Found in 14ms (ActiveRecord: 4.7ms)


Started GET "/books/2" for 113.158.219.117 at 2021-06-06 01:11:29 +0000
Cannot render console from 113.158.219.117! Allowed networks: 127.0.0.1, ::1, 127.0.0.0/127.255.255.255
Processing by BooksController#show as HTML
  Parameters: {"id"=>"2"}
  [1m[36mUser Load (0.1ms)[0m  [1m[34mSELECT  "users".* FROM "users" WHERE "users"."id" = ? ORDER BY "users"."id" ASC LIMIT ?[0m  [["id", 1], ["LIMIT", 1]]
  â†³ /home/ec2-user/.rvm/gems/ruby-2.6.3/gems/activerecord-5.2.5/lib/active_record/log_subscriber.rb:98
  [1m[36mBook Load (0.1ms)[0m  [1m[34mSELECT  "books".* FROM "books" WHERE "books"."id" = ? LIMIT ?[0m  [["id", 2], ["LIMIT", 1]]
  â†³ app/controllers/books_controller.rb:5
  [1m[36mUser Load (0.1ms)[0m  [1m[34mSELECT  "users".* FROM "users" WHERE "users"."id" = ? LIMIT ?[0m  [["id", 1], ["LIMIT", 1]]
  â†³ app/controllers/books_controller.rb:7
  Rendering books/show.html.erb within layouts/application
  [1m[35m (0.2ms)[0m  [1m[34mSELECT COUNT(*) FROM "users" INNER JOIN "relationships" ON "users"."id" = "relationships"."followed_id" WHERE "relationships"."follower_id" = ?[0m  [["follower_id", 1]]
  â†³ app/views/users/_info.html.erb:15
  [1m[35m (0.1ms)[0m  [1m[34mSELECT COUNT(*) FROM "users" INNER JOIN "relationships" ON "users"."id" = "relationships"."follower_id" WHERE "relationships"."followed_id" = ?[0m  [["followed_id", 1]]
  â†³ app/views/users/_info.html.erb:20
  Rendered users/_info.html.erb (10.0ms)
  Rendered layouts/_errors.html.erb (0.4ms)
  Rendered books/_form.html.erb (3.7ms)
  [1m[36mFavorite Exists (0.1ms)[0m  [1m[34mSELECT  1 AS one FROM "favorites" WHERE "favorites"."book_id" = ? AND "favorites"."user_id" = ? LIMIT ?[0m  [["book_id", 2], ["user_id", 1], ["LIMIT", 1]]
  â†³ app/models/book.rb:8
  [1m[35m (0.1ms)[0m  [1m[34mSELECT COUNT(*) FROM "favorites" WHERE "favorites"."book_id" = ?[0m  [["book_id", 2]]
  â†³ app/views/favorites/_favorite.html.erb:11
  Rendered favorites/_favorite.html.erb (5.7ms)
  [1m[35m (0.1ms)[0m  [1m[34mSELECT COUNT(*) FROM "book_comments" WHERE "book_comments"."book_id" = ?[0m  [["book_id", 2]]
  â†³ app/views/books/show.html.erb:24
  [1m[36mBookComment Load (0.1ms)[0m  [1m[34mSELECT "book_comments".* FROM "book_comments" WHERE "book_comments"."book_id" = ?[0m  [["book_id", 2]]
  â†³ app/views/book_comments/_comment.html.erb:3
  Rendered book_comments/_comment.html.erb (3.2ms)
  Rendered books/show.html.erb within layouts/application (31.1ms)
  Rendered layouts/_header.html.erb (3.6ms)
  Rendered layouts/_footer.html.erb (0.2ms)
Completed 200 OK in 130ms (Views: 123.2ms | ActiveRecord: 1.0ms)


Started POST "/books" for 113.158.219.117 at 2021-06-06 01:11:36 +0000
Cannot render console from 113.158.219.117! Allowed networks: 127.0.0.1, ::1, 127.0.0.0/127.255.255.255
Processing by BooksController#create as HTML
  Parameters: {"utf8"=>"âœ“", "authenticity_token"=>"1KQQwduJVXQGH2Brgd584FeSem0lV_mBWJm6b4h7DajzUcEqdeAjYgPWuIZwuMWbAh17o2iQ28j44_1ReInhZw", "book"=>{"title"=>"rarar", "body"=>"rarar"}, "commit"=>"Create Book"}
  [1m[36mUser Load (0.1ms)[0m  [1m[34mSELECT  "users".* FROM "users" WHERE "users"."id" = ? ORDER BY "users"."id" ASC LIMIT ?[0m  [["id", 1], ["LIMIT", 1]]
  â†³ /home/ec2-user/.rvm/gems/ruby-2.6.3/gems/activerecord-5.2.5/lib/active_record/log_subscriber.rb:98
  [1m[35m (0.0ms)[0m  [1m[36mbegin transaction[0m
  â†³ app/controllers/books_controller.rb:19
  [1m[36mUser Load (0.1ms)[0m  [1m[34mSELECT  "users".* FROM "users" WHERE "users"."id" = ? LIMIT ?[0m  [["id", 1], ["LIMIT", 1]]
  â†³ app/controllers/books_controller.rb:19
  [1m[36mBook Create (1.0ms)[0m  [1m[32mINSERT INTO "books" ("title", "body", "user_id", "created_at", "updated_at") VALUES (?, ?, ?, ?, ?)[0m  [["title", "rarar"], ["body", "rarar"], ["user_id", 1], ["created_at", "2021-06-06 01:11:36.140386"], ["updated_at", "2021-06-06 01:11:36.140386"]]
  â†³ app/controllers/books_controller.rb:19
  [1m[35m (4.2ms)[0m  [1m[36mcommit transaction[0m
  â†³ app/controllers/books_controller.rb:19
Redirected to https://ba94ba423ad84ce6b90958b726b79ff9.vfs.cloud9.us-east-1.amazonaws.com/books/3
Completed 302 Found in 15ms (ActiveRecord: 5.4ms)


Started GET "/books/3" for 113.158.219.117 at 2021-06-06 01:11:36 +0000
Cannot render console from 113.158.219.117! Allowed networks: 127.0.0.1, ::1, 127.0.0.0/127.255.255.255
Processing by BooksController#show as HTML
  Parameters: {"id"=>"3"}
  [1m[36mUser Load (0.1ms)[0m  [1m[34mSELECT  "users".* FROM "users" WHERE "users"."id" = ? ORDER BY "users"."id" ASC LIMIT ?[0m  [["id", 1], ["LIMIT", 1]]
  â†³ /home/ec2-user/.rvm/gems/ruby-2.6.3/gems/activerecord-5.2.5/lib/active_record/log_subscriber.rb:98
  [1m[36mBook Load (0.1ms)[0m  [1m[34mSELECT  "books".* FROM "books" WHERE "books"."id" = ? LIMIT ?[0m  [["id", 3], ["LIMIT", 1]]
  â†³ app/controllers/books_controller.rb:5
  [1m[36mUser Load (0.1ms)[0m  [1m[34mSELECT  "users".* FROM "users" WHERE "users"."id" = ? LIMIT ?[0m  [["id", 1], ["LIMIT", 1]]
  â†³ app/controllers/books_controller.rb:7
  Rendering books/show.html.erb within layouts/application
  [1m[35m (0.1ms)[0m  [1m[34mSELECT COUNT(*) FROM "users" INNER JOIN "relationships" ON "users"."id" = "relationships"."followed_id" WHERE "relationships"."follower_id" = ?[0m  [["follower_id", 1]]
  â†³ app/views/users/_info.html.erb:15
  [1m[35m (1.3ms)[0m  [1m[34mSELECT COUNT(*) FROM "users" INNER JOIN "relationships" ON "users"."id" = "relationships"."follower_id" WHERE "relationships"."followed_id" = ?[0m  [["followed_id", 1]]
  â†³ app/views/users/_info.html.erb:20
  Rendered users/_info.html.erb (9.0ms)
  Rendered layouts/_errors.html.erb (0.4ms)
  Rendered books/_form.html.erb (3.7ms)
  [1m[36mFavorite Exists (0.1ms)[0m  [1m[34mSELECT  1 AS one FROM "favorites" WHERE "favorites"."book_id" = ? AND "favorites"."user_id" = ? LIMIT ?[0m  [["book_id", 3], ["user_id", 1], ["LIMIT", 1]]
  â†³ app/models/book.rb:8
  [1m[35m (0.1ms)[0m  [1m[34mSELECT COUNT(*) FROM "favorites" WHERE "favorites"."book_id" = ?[0m  [["book_id", 3]]
  â†³ app/views/favorites/_favorite.html.erb:11
  Rendered favorites/_favorite.html.erb (6.2ms)
  [1m[35m (0.1ms)[0m  [1m[34mSELECT COUNT(*) FROM "book_comments" WHERE "book_comments"."book_id" = ?[0m  [["book_id", 3]]
  â†³ app/views/books/show.html.erb:24
  [1m[36mBookComment Load (0.1ms)[0m  [1m[34mSELECT "book_comments".* FROM "book_comments" WHERE "book_comments"."book_id" = ?[0m  [["book_id", 3]]
  â†³ app/views/book_comments/_comment.html.erb:3
  Rendered book_comments/_comment.html.erb (3.4ms)
  Rendered books/show.html.erb within layouts/application (30.8ms)
  Rendered layouts/_header.html.erb (5.4ms)
  Rendered layouts/_footer.html.erb (0.3ms)
Completed 200 OK in 158ms (Views: 149.8ms | ActiveRecord: 2.1ms)


Started POST "/books" for 113.158.219.117 at 2021-06-06 01:11:42 +0000
Cannot render console from 113.158.219.117! Allowed networks: 127.0.0.1, ::1, 127.0.0.0/127.255.255.255
Processing by BooksController#create as HTML
  Parameters: {"utf8"=>"âœ“", "authenticity_token"=>"lCmngBBXQxlzP2u7YWBRYnPWCxBrI62uIEObjNW9TRWz3HZrvj41D3b2s1aQBugZJlkK3ibkj-eAOdyyJU-h2g", "book"=>{"title"=>"banana", "body"=>"banana"}, "commit"=>"Create Book"}
  [1m[36mUser Load (0.1ms)[0m  [1m[34mSELECT  "users".* FROM "users" WHERE "users"."id" = ? ORDER BY "users"."id" ASC LIMIT ?[0m  [["id", 1], ["LIMIT", 1]]
  â†³ /home/ec2-user/.rvm/gems/ruby-2.6.3/gems/activerecord-5.2.5/lib/active_record/log_subscriber.rb:98
  [1m[35m (0.1ms)[0m  [1m[36mbegin transaction[0m
  â†³ app/controllers/books_controller.rb:19
  [1m[36mUser Load (0.1ms)[0m  [1m[34mSELECT  "users".* FROM "users" WHERE "users"."id" = ? LIMIT ?[0m  [["id", 1], ["LIMIT", 1]]
  â†³ app/controllers/books_controller.rb:19
  [1m[36mBook Create (1.1ms)[0m  [1m[32mINSERT INTO "books" ("title", "body", "user_id", "created_at", "updated_at") VALUES (?, ?, ?, ?, ?)[0m  [["title", "banana"], ["body", "banana"], ["user_id", 1], ["created_at", "2021-06-06 01:11:42.024302"], ["updated_at", "2021-06-06 01:11:42.024302"]]
  â†³ app/controllers/books_controller.rb:19
  [1m[35m (4.6ms)[0m  [1m[36mcommit transaction[0m
  â†³ app/controllers/books_controller.rb:19
Redirected to https://ba94ba423ad84ce6b90958b726b79ff9.vfs.cloud9.us-east-1.amazonaws.com/books/4
Completed 302 Found in 16ms (ActiveRecord: 6.0ms)


Started GET "/books/4" for 113.158.219.117 at 2021-06-06 01:11:42 +0000
Cannot render console from 113.158.219.117! Allowed networks: 127.0.0.1, ::1, 127.0.0.0/127.255.255.255
Processing by BooksController#show as HTML
  Parameters: {"id"=>"4"}
  [1m[36mUser Load (0.1ms)[0m  [1m[34mSELECT  "users".* FROM "users" WHERE "users"."id" = ? ORDER BY "users"."id" ASC LIMIT ?[0m  [["id", 1], ["LIMIT", 1]]
  â†³ /home/ec2-user/.rvm/gems/ruby-2.6.3/gems/activerecord-5.2.5/lib/active_record/log_subscriber.rb:98
  [1m[36mBook Load (0.1ms)[0m  [1m[34mSELECT  "books".* FROM "books" WHERE "books"."id" = ? LIMIT ?[0m  [["id", 4], ["LIMIT", 1]]
  â†³ app/controllers/books_controller.rb:5
  [1m[36mUser Load (0.1ms)[0m  [1m[34mSELECT  "users".* FROM "users" WHERE "users"."id" = ? LIMIT ?[0m  [["id", 1], ["LIMIT", 1]]
  â†³ app/controllers/books_controller.rb:7
  Rendering books/show.html.erb within layouts/application
  [1m[35m (0.1ms)[0m  [1m[34mSELECT COUNT(*) FROM "users" INNER JOIN "relationships" ON "users"."id" = "relationships"."followed_id" WHERE "relationships"."follower_id" = ?[0m  [["follower_id", 1]]
  â†³ app/views/users/_info.html.erb:15
  [1m[35m (0.1ms)[0m  [1m[34mSELECT COUNT(*) FROM "users" INNER JOIN "relationships" ON "users"."id" = "relationships"."follower_id" WHERE "relationships"."followed_id" = ?[0m  [["followed_id", 1]]
  â†³ app/views/users/_info.html.erb:20
  Rendered users/_info.html.erb (9.5ms)
  Rendered layouts/_errors.html.erb (0.4ms)
  Rendered books/_form.html.erb (4.4ms)
  [1m[36mFavorite Exists (0.1ms)[0m  [1m[34mSELECT  1 AS one FROM "favorites" WHERE "favorites"."book_id" = ? AND "favorites"."user_id" = ? LIMIT ?[0m  [["book_id", 4], ["user_id", 1], ["LIMIT", 1]]
  â†³ app/models/book.rb:8
  [1m[35m (0.1ms)[0m  [1m[34mSELECT COUNT(*) FROM "favorites" WHERE "favorites"."book_id" = ?[0m  [["book_id", 4]]
  â†³ app/views/favorites/_favorite.html.erb:11
  Rendered favorites/_favorite.html.erb (6.7ms)
  [1m[35m (0.1ms)[0m  [1m[34mSELECT COUNT(*) FROM "book_comments" WHERE "book_comments"."book_id" = ?[0m  [["book_id", 4]]
  â†³ app/views/books/show.html.erb:24
  [1m[36mBookComment Load (0.1ms)[0m  [1m[34mSELECT "book_comments".* FROM "book_comments" WHERE "book_comments"."book_id" = ?[0m  [["book_id", 4]]
  â†³ app/views/book_comments/_comment.html.erb:3
  Rendered book_comments/_comment.html.erb (3.1ms)
  Rendered books/show.html.erb within layouts/application (30.6ms)
  Rendered layouts/_header.html.erb (5.3ms)
  Rendered layouts/_footer.html.erb (0.2ms)
Completed 200 OK in 136ms (Views: 129.1ms | ActiveRecord: 0.9ms)


Started GET "/books" for 113.158.219.117 at 2021-06-06 01:11:45 +0000
Cannot render console from 113.158.219.117! Allowed networks: 127.0.0.1, ::1, 127.0.0.0/127.255.255.255
Processing by BooksController#index as HTML
  [1m[36mUser Load (0.1ms)[0m  [1m[34mSELECT  "users".* FROM "users" WHERE "users"."id" = ? ORDER BY "users"."id" ASC LIMIT ?[0m  [["id", 1], ["LIMIT", 1]]
  â†³ /home/ec2-user/.rvm/gems/ruby-2.6.3/gems/activerecord-5.2.5/lib/active_record/log_subscriber.rb:98
  Rendering books/index.html.erb within layouts/application
  [1m[35m (0.2ms)[0m  [1m[34mSELECT COUNT(*) FROM "users" INNER JOIN "relationships" ON "users"."id" = "relationships"."followed_id" WHERE "relationships"."follower_id" = ?[0m  [["follower_id", 1]]
  â†³ app/views/users/_info.html.erb:15
  [1m[35m (0.1ms)[0m  [1m[34mSELECT COUNT(*) FROM "users" INNER JOIN "relationships" ON "users"."id" = "relationships"."follower_id" WHERE "relationships"."followed_id" = ?[0m  [["followed_id", 1]]
  â†³ app/views/users/_info.html.erb:20
  Rendered users/_info.html.erb (10.1ms)
  Rendered layouts/_errors.html.erb (0.3ms)
  Rendered books/_form.html.erb (9.6ms)
  [1m[36mBook Load (0.2ms)[0m  [1m[34mSELECT "books".* FROM "books"[0m
  â†³ app/views/books/_index.html.erb:11
  [1m[36mUser Load (0.1ms)[0m  [1m[34mSELECT  "users".* FROM "users" WHERE "users"."id" = ? LIMIT ?[0m  [["id", 1], ["LIMIT", 1]]
  â†³ app/views/books/_index.html.erb:13
  [1m[36mFavorite Exists (0.1ms)[0m  [1m[34mSELECT  1 AS one FROM "favorites" WHERE "favorites"."book_id" = ? AND "favorites"."user_id" = ? LIMIT ?[0m  [["book_id", 1], ["user_id", 1], ["LIMIT", 1]]
  â†³ app/models/book.rb:8
  [1m[35m (0.1ms)[0m  [1m[34mSELECT COUNT(*) FROM "favorites" WHERE "favorites"."book_id" = ?[0m  [["book_id", 1]]
  â†³ app/views/favorites/_favorite.html.erb:11
  Rendered favorites/_favorite.html.erb (5.0ms)
  [1m[35m (0.1ms)[0m  [1m[34mSELECT COUNT(*) FROM "book_comments" WHERE "book_comments"."book_id" = ?[0m  [["book_id", 1]]
  â†³ app/views/books/_index.html.erb:23
  [1m[36mCACHE User Load (0.0ms)[0m  [1m[34mSELECT  "users".* FROM "users" WHERE "users"."id" = ? LIMIT ?[0m  [["id", 1], ["LIMIT", 1]]
  â†³ app/views/books/_index.html.erb:13
  [1m[36mFavorite Exists (0.1ms)[0m  [1m[34mSELECT  1 AS one FROM "favorites" WHERE "favorites"."book_id" = ? AND "favorites"."user_id" = ? LIMIT ?[0m  [["book_id", 2], ["user_id", 1], ["LIMIT", 1]]
  â†³ app/models/book.rb:8
  [1m[35m (0.1ms)[0m  [1m[34mSELECT COUNT(*) FROM "favorites" WHERE "favorites"."book_id" = ?[0m  [["book_id", 2]]
  â†³ app/views/favorites/_favorite.html.erb:11
  Rendered favorites/_favorite.html.erb (4.6ms)
  [1m[35m (0.1ms)[0m  [1m[34mSELECT COUNT(*) FROM "book_comments" WHERE "book_comments"."book_id" = ?[0m  [["book_id", 2]]
  â†³ app/views/books/_index.html.erb:23
  [1m[36mCACHE User Load (0.0ms)[0m  [1m[34mSELECT  "users".* FROM "users" WHERE "users"."id" = ? LIMIT ?[0m  [["id", 1], ["LIMIT", 1]]
  â†³ app/views/books/_index.html.erb:13
  [1m[36mFavorite Exists (0.1ms)[0m  [1m[34mSELECT  1 AS one FROM "favorites" WHERE "favorites"."book_id" = ? AND "favorites"."user_id" = ? LIMIT ?[0m  [["book_id", 3], ["user_id", 1], ["LIMIT", 1]]
  â†³ app/models/book.rb:8
  [1m[35m (0.1ms)[0m  [1m[34mSELECT COUNT(*) FROM "favorites" WHERE "favorites"."book_id" = ?[0m  [["book_id", 3]]
  â†³ app/views/favorites/_favorite.html.erb:11
  Rendered favorites/_favorite.html.erb (4.3ms)
  [1m[35m (0.1ms)[0m  [1m[34mSELECT COUNT(*) FROM "book_comments" WHERE "book_comments"."book_id" = ?[0m  [["book_id", 3]]
  â†³ app/views/books/_index.html.erb:23
  [1m[36mCACHE User Load (0.0ms)[0m  [1m[34mSELECT  "users".* FROM "users" WHERE "users"."id" = ? LIMIT ?[0m  [["id", 1], ["LIMIT", 1]]
  â†³ app/views/books/_index.html.erb:13
  [1m[36mFavorite Exists (0.1ms)[0m  [1m[34mSELECT  1 AS one FROM "favorites" WHERE "favorites"."book_id" = ? AND "favorites"."user_id" = ? LIMIT ?[0m  [["book_id", 4], ["user_id", 1], ["LIMIT", 1]]
  â†³ app/models/book.rb:8
  [1m[35m (0.1ms)[0m  [1m[34mSELECT COUNT(*) FROM "favorites" WHERE "favorites"."book_id" = ?[0m  [["book_id", 4]]
  â†³ app/views/favorites/_favorite.html.erb:11
  Rendered favorites/_favorite.html.erb (3.9ms)
  [1m[35m (0.1ms)[0m  [1m[34mSELECT COUNT(*) FROM "book_comments" WHERE "book_comments"."book_id" = ?[0m  [["book_id", 4]]
  â†³ app/views/books/_index.html.erb:23
  Rendered books/_index.html.erb (43.1ms)
  Rendered books/index.html.erb within layouts/application (65.7ms)
  Rendered layouts/_header.html.erb (0.8ms)
  Rendered layouts/_footer.html.erb (0.2ms)
Completed 200 OK in 162ms (Views: 155.6ms | ActiveRecord: 1.9ms)


Started GET "/users" for 113.158.219.117 at 2021-06-06 01:11:51 +0000
Cannot render console from 113.158.219.117! Allowed networks: 127.0.0.1, ::1, 127.0.0.0/127.255.255.255
Processing by UsersController#index as HTML
  [1m[36mUser Load (0.1ms)[0m  [1m[34mSELECT  "users".* FROM "users" WHERE "users"."id" = ? ORDER BY "users"."id" ASC LIMIT ?[0m  [["id", 1], ["LIMIT", 1]]
  â†³ /home/ec2-user/.rvm/gems/ruby-2.6.3/gems/activerecord-5.2.5/lib/active_record/log_subscriber.rb:98
  Rendering users/index.html.erb within layouts/application
  [1m[35m (0.1ms)[0m  [1m[34mSELECT COUNT(*) FROM "users" INNER JOIN "relationships" ON "users"."id" = "relationships"."followed_id" WHERE "relationships"."follower_id" = ?[0m  [["follower_id", 1]]
  â†³ app/views/users/_info.html.erb:15
  [1m[35m (0.1ms)[0m  [1m[34mSELECT COUNT(*) FROM "users" INNER JOIN "relationships" ON "users"."id" = "relationships"."follower_id" WHERE "relationships"."followed_id" = ?[0m  [["followed_id", 1]]
  â†³ app/views/users/_info.html.erb:20
  Rendered users/_info.html.erb (9.7ms)
  Rendered layouts/_errors.html.erb (0.3ms)
  Rendered books/_form.html.erb (3.3ms)
  [1m[36mUser Load (0.1ms)[0m  [1m[34mSELECT "users".* FROM "users"[0m
  â†³ app/views/users/_index.html.erb:13
  [1m[35mCACHE  (0.0ms)[0m  [1m[34mSELECT COUNT(*) FROM "users" INNER JOIN "relationships" ON "users"."id" = "relationships"."followed_id" WHERE "relationships"."follower_id" = ?[0m  [["follower_id", 1]]
  â†³ app/views/users/_index.html.erb:17
  [1m[35mCACHE  (0.0ms)[0m  [1m[34mSELECT COUNT(*) FROM "users" INNER JOIN "relationships" ON "users"."id" = "relationships"."follower_id" WHERE "relationships"."followed_id" = ?[0m  [["followed_id", 1]]
  â†³ app/views/users/_index.html.erb:18
  Rendered users/_index.html.erb (7.9ms)
  Rendered users/index.html.erb within layouts/application (26.1ms)
  Rendered layouts/_header.html.erb (0.8ms)
  Rendered layouts/_footer.html.erb (0.2ms)
Completed 200 OK in 135ms (Views: 130.2ms | ActiveRecord: 0.5ms)


Started GET "/users/1" for 113.158.219.117 at 2021-06-06 01:11:52 +0000
Cannot render console from 113.158.219.117! Allowed networks: 127.0.0.1, ::1, 127.0.0.0/127.255.255.255
Processing by UsersController#show as HTML
  Parameters: {"id"=>"1"}
  [1m[36mUser Load (0.1ms)[0m  [1m[34mSELECT  "users".* FROM "users" WHERE "users"."id" = ? ORDER BY "users"."id" ASC LIMIT ?[0m  [["id", 1], ["LIMIT", 1]]
  â†³ /home/ec2-user/.rvm/gems/ruby-2.6.3/gems/activerecord-5.2.5/lib/active_record/log_subscriber.rb:98
  [1m[36mUser Load (0.1ms)[0m  [1m[34mSELECT  "users".* FROM "users" WHERE "users"."id" = ? LIMIT ?[0m  [["id", 1], ["LIMIT", 1]]
  â†³ app/controllers/users_controller.rb:5
  Rendering users/show.html.erb within layouts/application
  [1m[35m (0.2ms)[0m  [1m[34mSELECT COUNT(*) FROM "users" INNER JOIN "relationships" ON "users"."id" = "relationships"."followed_id" WHERE "relationships"."follower_id" = ?[0m  [["follower_id", 1]]
  â†³ app/views/users/_info.html.erb:15
  [1m[35m (0.1ms)[0m  [1m[34mSELECT COUNT(*) FROM "users" INNER JOIN "relationships" ON "users"."id" = "relationships"."follower_id" WHERE "relationships"."followed_id" = ?[0m  [["followed_id", 1]]
  â†³ app/views/users/_info.html.erb:20
  Rendered users/_info.html.erb (9.5ms)
  Rendered layouts/_errors.html.erb (0.3ms)
  Rendered books/_form.html.erb (4.4ms)
  [1m[36mBook Load (0.1ms)[0m  [1m[34mSELECT "books".* FROM "books" WHERE "books"."user_id" = ?[0m  [["user_id", 1]]
  â†³ app/views/books/_index.html.erb:11
  [1m[36mFavorite Exists (0.1ms)[0m  [1m[34mSELECT  1 AS one FROM "favorites" WHERE "favorites"."book_id" = ? AND "favorites"."user_id" = ? LIMIT ?[0m  [["book_id", 1], ["user_id", 1], ["LIMIT", 1]]
  â†³ app/models/book.rb:8
  [1m[35m (0.1ms)[0m  [1m[34mSELECT COUNT(*) FROM "favorites" WHERE "favorites"."book_id" = ?[0m  [["book_id", 1]]
  â†³ app/views/favorites/_favorite.html.erb:11
  Rendered favorites/_favorite.html.erb (6.2ms)
  [1m[35m (0.1ms)[0m  [1m[34mSELECT COUNT(*) FROM "book_comments" WHERE "book_comments"."book_id" = ?[0m  [["book_id", 1]]
  â†³ app/views/books/_index.html.erb:23
  [1m[36mFavorite Exists (0.1ms)[0m  [1m[34mSELECT  1 AS one FROM "favorites" WHERE "favorites"."book_id" = ? AND "favorites"."user_id" = ? LIMIT ?[0m  [["book_id", 2], ["user_id", 1], ["LIMIT", 1]]
  â†³ app/models/book.rb:8
  [1m[35m (0.1ms)[0m  [1m[34mSELECT COUNT(*) FROM "favorites" WHERE "favorites"."book_id" = ?[0m  [["book_id", 2]]
  â†³ app/views/favorites/_favorite.html.erb:11
  Rendered favorites/_favorite.html.erb (4.5ms)
  [1m[35m (0.1ms)[0m  [1m[34mSELECT COUNT(*) FROM "book_comments" WHERE "book_comments"."book_id" = ?[0m  [["book_id", 2]]
  â†³ app/views/books/_index.html.erb:23
  [1m[36mFavorite Exists (0.1ms)[0m  [1m[34mSELECT  1 AS one FROM "favorites" WHERE "favorites"."book_id" = ? AND "favorites"."user_id" = ? LIMIT ?[0m  [["book_id", 3], ["user_id", 1], ["LIMIT", 1]]
  â†³ app/models/book.rb:8
  [1m[35m (0.1ms)[0m  [1m[34mSELECT COUNT(*) FROM "favorites" WHERE "favorites"."book_id" = ?[0m  [["book_id", 3]]
  â†³ app/views/favorites/_favorite.html.erb:11
  Rendered favorites/_favorite.html.erb (4.5ms)
  [1m[35m (0.1ms)[0m  [1m[34mSELECT COUNT(*) FROM "book_comments" WHERE "book_comments"."book_id" = ?[0m  [["book_id", 3]]
  â†³ app/views/books/_index.html.erb:23
  [1m[36mFavorite Exists (0.1ms)[0m  [1m[34mSELECT  1 AS one FROM "favorites" WHERE "favorites"."book_id" = ? AND "favorites"."user_id" = ? LIMIT ?[0m  [["book_id", 4], ["user_id", 1], ["LIMIT", 1]]
  â†³ app/models/book.rb:8
  [1m[35m (0.1ms)[0m  [1m[34mSELECT COUNT(*) FROM "favorites" WHERE "favorites"."book_id" = ?[0m  [["book_id", 4]]
  â†³ app/views/favorites/_favorite.html.erb:11
  Rendered favorites/_favorite.html.erb (4.4ms)
  [1m[35m (0.1ms)[0m  [1m[34mSELECT COUNT(*) FROM "book_comments" WHERE "book_comments"."book_id" = ?[0m  [["book_id", 4]]
  â†³ app/views/books/_index.html.erb:23
  Rendered books/_index.html.erb (36.3ms)
  [1m[35m (0.7ms)[0m  [1m[34mSELECT COUNT(*) FROM "books" WHERE "books"."created_at" BETWEEN ? AND ? AND "books"."user_id" = ?[0m  [["created_at", "2021-05-31 00:00:00"], ["created_at", "2021-05-31 23:59:59.999999"], ["user_id", 1]]
  â†³ app/views/users/show.html.erb:27
  [1m[35m (0.1ms)[0m  [1m[34mSELECT COUNT(*) FROM "books" WHERE "books"."created_at" BETWEEN ? AND ? AND "books"."user_id" = ?[0m  [["created_at", "2021-06-01 00:00:00"], ["created_at", "2021-06-01 23:59:59.999999"], ["user_id", 1]]
  â†³ app/views/users/show.html.erb:28
  [1m[35m (0.1ms)[0m  [1m[34mSELECT COUNT(*) FROM "books" WHERE "books"."created_at" BETWEEN ? AND ? AND "books"."user_id" = ?[0m  [["created_at", "2021-06-02 00:00:00"], ["created_at", "2021-06-02 23:59:59.999999"], ["user_id", 1]]
  â†³ app/views/users/show.html.erb:29
  [1m[35m (0.1ms)[0m  [1m[34mSELECT COUNT(*) FROM "books" WHERE "books"."created_at" BETWEEN ? AND ? AND "books"."user_id" = ?[0m  [["created_at", "2021-06-03 00:00:00"], ["created_at", "2021-06-03 23:59:59.999999"], ["user_id", 1]]
  â†³ app/views/users/show.html.erb:30
  [1m[35m (0.1ms)[0m  [1m[34mSELECT COUNT(*) FROM "books" WHERE "books"."created_at" BETWEEN ? AND ? AND "books"."user_id" = ?[0m  [["created_at", "2021-06-04 00:00:00"], ["created_at", "2021-06-04 23:59:59.999999"], ["user_id", 1]]
  â†³ app/views/users/show.html.erb:31
  [1m[35m (0.7ms)[0m  [1m[34mSELECT COUNT(*) FROM "books" WHERE "books"."created_at" BETWEEN ? AND ? AND "books"."user_id" = ?[0m  [["created_at", "2021-06-05 00:00:00"], ["created_at", "2021-06-05 23:59:59.999999"], ["user_id", 1]]
  â†³ app/views/users/show.html.erb:32
  [1m[35m (0.1ms)[0m  [1m[34mSELECT COUNT(*) FROM "books" WHERE "books"."created_at" BETWEEN ? AND ? AND "books"."user_id" = ?[0m  [["created_at", "2021-06-06 00:00:00"], ["created_at", "2021-06-06 23:59:59.999999"], ["user_id", 1]]
  â†³ app/views/users/show.html.erb:33
  Rendered users/show.html.erb within layouts/application (65.0ms)
  Rendered layouts/_header.html.erb (5.1ms)
  Rendered layouts/_footer.html.erb (0.2ms)
Completed 200 OK in 173ms (Views: 161.9ms | ActiveRecord: 3.9ms)


Started GET "/users/1" for 113.158.219.117 at 2021-06-06 01:14:54 +0000
Cannot render console from 113.158.219.117! Allowed networks: 127.0.0.1, ::1, 127.0.0.0/127.255.255.255
  [1m[35m (0.2ms)[0m  [1m[34mSELECT "schema_migrations"."version" FROM "schema_migrations" ORDER BY "schema_migrations"."version" ASC[0m
  â†³ /home/ec2-user/.rvm/gems/ruby-2.6.3/gems/activerecord-5.2.5/lib/active_record/log_subscriber.rb:98
Processing by UsersController#show as HTML
  Parameters: {"id"=>"1"}
  [1m[36mUser Load (0.1ms)[0m  [1m[34mSELECT  "users".* FROM "users" WHERE "users"."id" = ? ORDER BY "users"."id" ASC LIMIT ?[0m  [["id", 1], ["LIMIT", 1]]
  â†³ /home/ec2-user/.rvm/gems/ruby-2.6.3/gems/activerecord-5.2.5/lib/active_record/log_subscriber.rb:98
  [1m[36mUser Load (0.1ms)[0m  [1m[34mSELECT  "users".* FROM "users" WHERE "users"."id" = ? LIMIT ?[0m  [["id", 1], ["LIMIT", 1]]
  â†³ app/controllers/users_controller.rb:5
  Rendering users/show.html.erb within layouts/application
  [1m[35m (0.1ms)[0m  [1m[34mSELECT COUNT(*) FROM "users" INNER JOIN "relationships" ON "users"."id" = "relationships"."followed_id" WHERE "relationships"."follower_id" = ?[0m  [["follower_id", 1]]
  â†³ app/views/users/_info.html.erb:15
  [1m[35m (0.1ms)[0m  [1m[34mSELECT COUNT(*) FROM "users" INNER JOIN "relationships" ON "users"."id" = "relationships"."follower_id" WHERE "relationships"."followed_id" = ?[0m  [["followed_id", 1]]
  â†³ app/views/users/_info.html.erb:20
  Rendered users/_info.html.erb (541.5ms)
  Rendered layouts/_errors.html.erb (0.3ms)
  Rendered books/_form.html.erb (12.4ms)
  [1m[36mBook Load (0.1ms)[0m  [1m[34mSELECT "books".* FROM "books" WHERE "books"."user_id" = ?[0m  [["user_id", 1]]
  â†³ app/views/books/_index.html.erb:11
  [1m[36mFavorite Exists (0.1ms)[0m  [1m[34mSELECT  1 AS one FROM "favorites" WHERE "favorites"."book_id" = ? AND "favorites"."user_id" = ? LIMIT ?[0m  [["book_id", 1], ["user_id", 1], ["LIMIT", 1]]
  â†³ app/models/book.rb:8
  [1m[35m (0.1ms)[0m  [1m[34mSELECT COUNT(*) FROM "favorites" WHERE "favorites"."book_id" = ?[0m  [["book_id", 1]]
  â†³ app/views/favorites/_favorite.html.erb:11
  Rendered favorites/_favorite.html.erb (15.0ms)
  [1m[35m (0.1ms)[0m  [1m[34mSELECT COUNT(*) FROM "book_comments" WHERE "book_comments"."book_id" = ?[0m  [["book_id", 1]]
  â†³ app/views/books/_index.html.erb:23
  [1m[36mFavorite Exists (0.1ms)[0m  [1m[34mSELECT  1 AS one FROM "favorites" WHERE "favorites"."book_id" = ? AND "favorites"."user_id" = ? LIMIT ?[0m  [["book_id", 2], ["user_id", 1], ["LIMIT", 1]]
  â†³ app/models/book.rb:8
  [1m[35m (0.1ms)[0m  [1m[34mSELECT COUNT(*) FROM "favorites" WHERE "favorites"."book_id" = ?[0m  [["book_id", 2]]
  â†³ app/views/favorites/_favorite.html.erb:11
  Rendered favorites/_favorite.html.erb (4.1ms)
  [1m[35m (0.1ms)[0m  [1m[34mSELECT COUNT(*) FROM "book_comments" WHERE "book_comments"."book_id" = ?[0m  [["book_id", 2]]
  â†³ app/views/books/_index.html.erb:23
  [1m[36mFavorite Exists (0.1ms)[0m  [1m[34mSELECT  1 AS one FROM "favorites" WHERE "favorites"."book_id" = ? AND "favorites"."user_id" = ? LIMIT ?[0m  [["book_id", 3], ["user_id", 1], ["LIMIT", 1]]
  â†³ app/models/book.rb:8
  [1m[35m (0.1ms)[0m  [1m[34mSELECT COUNT(*) FROM "favorites" WHERE "favorites"."book_id" = ?[0m  [["book_id", 3]]
  â†³ app/views/favorites/_favorite.html.erb:11
  Rendered favorites/_favorite.html.erb (4.2ms)
  [1m[35m (0.1ms)[0m  [1m[34mSELECT COUNT(*) FROM "book_comments" WHERE "book_comments"."book_id" = ?[0m  [["book_id", 3]]
  â†³ app/views/books/_index.html.erb:23
  [1m[36mFavorite Exists (0.1ms)[0m  [1m[34mSELECT  1 AS one FROM "favorites" WHERE "favorites"."book_id" = ? AND "favorites"."user_id" = ? LIMIT ?[0m  [["book_id", 4], ["user_id", 1], ["LIMIT", 1]]
  â†³ app/models/book.rb:8
  [1m[35m (0.1ms)[0m  [1m[34mSELECT COUNT(*) FROM "favorites" WHERE "favorites"."book_id" = ?[0m  [["book_id", 4]]
  â†³ app/views/favorites/_favorite.html.erb:11
  Rendered favorites/_favorite.html.erb (7.3ms)
  [1m[35m (0.1ms)[0m  [1m[34mSELECT COUNT(*) FROM "book_comments" WHERE "book_comments"."book_id" = ?[0m  [["book_id", 4]]
  â†³ app/views/books/_index.html.erb:23
  Rendered books/_index.html.erb (58.9ms)
  [1m[35m (0.2ms)[0m  [1m[34mSELECT COUNT(*) FROM "books" WHERE "books"."created_at" BETWEEN ? AND ? AND "books"."user_id" = ?[0m  [["created_at", "2021-05-31 00:00:00"], ["created_at", "2021-05-31 23:59:59.999999"], ["user_id", 1]]
  â†³ app/views/users/show.html.erb:27
  [1m[35m (0.1ms)[0m  [1m[34mSELECT COUNT(*) FROM "books" WHERE "books"."created_at" BETWEEN ? AND ? AND "books"."user_id" = ?[0m  [["created_at", "2021-06-01 00:00:00"], ["created_at", "2021-06-01 23:59:59.999999"], ["user_id", 1]]
  â†³ app/views/users/show.html.erb:28
  [1m[35m (0.1ms)[0m  [1m[34mSELECT COUNT(*) FROM "books" WHERE "books"."created_at" BETWEEN ? AND ? AND "books"."user_id" = ?[0m  [["created_at", "2021-06-02 00:00:00"], ["created_at", "2021-06-02 23:59:59.999999"], ["user_id", 1]]
  â†³ app/views/users/show.html.erb:29
  [1m[35m (0.1ms)[0m  [1m[34mSELECT COUNT(*) FROM "books" WHERE "books"."created_at" BETWEEN ? AND ? AND "books"."user_id" = ?[0m  [["created_at", "2021-06-03 00:00:00"], ["created_at", "2021-06-03 23:59:59.999999"], ["user_id", 1]]
  â†³ app/views/users/show.html.erb:30
  [1m[35m (0.1ms)[0m  [1m[34mSELECT COUNT(*) FROM "books" WHERE "books"."created_at" BETWEEN ? AND ? AND "books"."user_id" = ?[0m  [["created_at", "2021-06-04 00:00:00"], ["created_at", "2021-06-04 23:59:59.999999"], ["user_id", 1]]
  â†³ app/views/users/show.html.erb:31
  [1m[35m (0.1ms)[0m  [1m[34mSELECT COUNT(*) FROM "books" WHERE "books"."created_at" BETWEEN ? AND ? AND "books"."user_id" = ?[0m  [["created_at", "2021-06-05 00:00:00"], ["created_at", "2021-06-05 23:59:59.999999"], ["user_id", 1]]
  â†³ app/views/users/show.html.erb:32
  [1m[35m (0.1ms)[0m  [1m[34mSELECT COUNT(*) FROM "books" WHERE "books"."created_at" BETWEEN ? AND ? AND "books"."user_id" = ?[0m  [["created_at", "2021-06-06 00:00:00"], ["created_at", "2021-06-06 23:59:59.999999"], ["user_id", 1]]
  â†³ app/views/users/show.html.erb:33
  Rendered users/show.html.erb within layouts/application (634.2ms)
  Rendered layouts/_header.html.erb (10.0ms)
  Rendered layouts/_footer.html.erb (0.2ms)
Completed 200 OK in 1033ms (Views: 980.5ms | ActiveRecord: 4.8ms)


Started GET "/users/1" for 113.158.219.117 at 2021-06-06 01:15:49 +0000
Cannot render console from 113.158.219.117! Allowed networks: 127.0.0.1, ::1, 127.0.0.0/127.255.255.255
Processing by UsersController#show as HTML
  Parameters: {"id"=>"1"}
  [1m[36mUser Load (0.1ms)[0m  [1m[34mSELECT  "users".* FROM "users" WHERE "users"."id" = ? ORDER BY "users"."id" ASC LIMIT ?[0m  [["id", 1], ["LIMIT", 1]]
  â†³ /home/ec2-user/.rvm/gems/ruby-2.6.3/gems/activerecord-5.2.5/lib/active_record/log_subscriber.rb:98
  [1m[36mUser Load (0.1ms)[0m  [1m[34mSELECT  "users".* FROM "users" WHERE "users"."id" = ? LIMIT ?[0m  [["id", 1], ["LIMIT", 1]]
  â†³ app/controllers/users_controller.rb:5
  Rendering users/show.html.erb within layouts/application
  [1m[35m (0.2ms)[0m  [1m[34mSELECT COUNT(*) FROM "users" INNER JOIN "relationships" ON "users"."id" = "relationships"."followed_id" WHERE "relationships"."follower_id" = ?[0m  [["follower_id", 1]]
  â†³ app/views/users/_info.html.erb:15
  [1m[35m (0.1ms)[0m  [1m[34mSELECT COUNT(*) FROM "users" INNER JOIN "relationships" ON "users"."id" = "relationships"."follower_id" WHERE "relationships"."followed_id" = ?[0m  [["followed_id", 1]]
  â†³ app/views/users/_info.html.erb:20
  Rendered users/_info.html.erb (9.3ms)
  Rendered layouts/_errors.html.erb (0.3ms)
  Rendered books/_form.html.erb (3.7ms)
  [1m[36mBook Load (0.1ms)[0m  [1m[34mSELECT "books".* FROM "books" WHERE "books"."user_id" = ?[0m  [["user_id", 1]]
  â†³ app/views/books/_index.html.erb:11
  [1m[36mFavorite Exists (0.1ms)[0m  [1m[34mSELECT  1 AS one FROM "favorites" WHERE "favorites"."book_id" = ? AND "favorites"."user_id" = ? LIMIT ?[0m  [["book_id", 1], ["user_id", 1], ["LIMIT", 1]]
  â†³ app/models/book.rb:8
  [1m[35m (0.1ms)[0m  [1m[34mSELECT COUNT(*) FROM "favorites" WHERE "favorites"."book_id" = ?[0m  [["book_id", 1]]
  â†³ app/views/favorites/_favorite.html.erb:11
  Rendered favorites/_favorite.html.erb (6.5ms)
  [1m[35m (0.1ms)[0m  [1m[34mSELECT COUNT(*) FROM "book_comments" WHERE "book_comments"."book_id" = ?[0m  [["book_id", 1]]
  â†³ app/views/books/_index.html.erb:23
  [1m[36mFavorite Exists (0.1ms)[0m  [1m[34mSELECT  1 AS one FROM "favorites" WHERE "favorites"."book_id" = ? AND "favorites"."user_id" = ? LIMIT ?[0m  [["book_id", 2], ["user_id", 1], ["LIMIT", 1]]
  â†³ app/models/book.rb:8
  [1m[35m (0.1ms)[0m  [1m[34mSELECT COUNT(*) FROM "favorites" WHERE "favorites"."book_id" = ?[0m  [["book_id", 2]]
  â†³ app/views/favorites/_favorite.html.erb:11
  Rendered favorites/_favorite.html.erb (4.5ms)
  [1m[35m (0.1ms)[0m  [1m[34mSELECT COUNT(*) FROM "book_comments" WHERE "book_comments"."book_id" = ?[0m  [["book_id", 2]]
  â†³ app/views/books/_index.html.erb:23
  [1m[36mFavorite Exists (0.1ms)[0m  [1m[34mSELECT  1 AS one FROM "favorites" WHERE "favorites"."book_id" = ? AND "favorites"."user_id" = ? LIMIT ?[0m  [["book_id", 3], ["user_id", 1], ["LIMIT", 1]]
  â†³ app/models/book.rb:8
  [1m[35m (0.1ms)[0m  [1m[34mSELECT COUNT(*) FROM "favorites" WHERE "favorites"."book_id" = ?[0m  [["book_id", 3]]
  â†³ app/views/favorites/_favorite.html.erb:11
  Rendered favorites/_favorite.html.erb (1.8ms)
  [1m[35m (0.3ms)[0m  [1m[34mSELECT COUNT(*) FROM "book_comments" WHERE "book_comments"."book_id" = ?[0m  [["book_id", 3]]
  â†³ app/views/books/_index.html.erb:23
  [1m[36mFavorite Exists (0.1ms)[0m  [1m[34mSELECT  1 AS one FROM "favorites" WHERE "favorites"."book_id" = ? AND "favorites"."user_id" = ? LIMIT ?[0m  [["book_id", 4], ["user_id", 1], ["LIMIT", 1]]
  â†³ app/models/book.rb:8
  [1m[35m (0.1ms)[0m  [1m[34mSELECT COUNT(*) FROM "favorites" WHERE "favorites"."book_id" = ?[0m  [["book_id", 4]]
  â†³ app/views/favorites/_favorite.html.erb:11
  Rendered favorites/_favorite.html.erb (5.6ms)
  [1m[35m (0.1ms)[0m  [1m[34mSELECT COUNT(*) FROM "book_comments" WHERE "book_comments"."book_id" = ?[0m  [["book_id", 4]]
  â†³ app/views/books/_index.html.erb:23
  Rendered books/_index.html.erb (62.5ms)
  [1m[35m (0.1ms)[0m  [1m[34mSELECT COUNT(*) FROM "books" WHERE "books"."created_at" BETWEEN ? AND ? AND "books"."user_id" = ?[0m  [["created_at", "2021-05-31 00:00:00"], ["created_at", "2021-05-31 23:59:59.999999"], ["user_id", 1]]
  â†³ app/views/users/show.html.erb:27
  [1m[35m (0.1ms)[0m  [1m[34mSELECT COUNT(*) FROM "books" WHERE "books"."created_at" BETWEEN ? AND ? AND "books"."user_id" = ?[0m  [["created_at", "2021-06-01 00:00:00"], ["created_at", "2021-06-01 23:59:59.999999"], ["user_id", 1]]
  â†³ app/views/users/show.html.erb:28
  [1m[35m (0.1ms)[0m  [1m[34mSELECT COUNT(*) FROM "books" WHERE "books"."created_at" BETWEEN ? AND ? AND "books"."user_id" = ?[0m  [["created_at", "2021-06-02 00:00:00"], ["created_at", "2021-06-02 23:59:59.999999"], ["user_id", 1]]
  â†³ app/views/users/show.html.erb:29
  [1m[35m (0.1ms)[0m  [1m[34mSELECT COUNT(*) FROM "books" WHERE "books"."created_at" BETWEEN ? AND ? AND "books"."user_id" = ?[0m  [["created_at", "2021-06-03 00:00:00"], ["created_at", "2021-06-03 23:59:59.999999"], ["user_id", 1]]
  â†³ app/views/users/show.html.erb:30
  [1m[35m (0.1ms)[0m  [1m[34mSELECT COUNT(*) FROM "books" WHERE "books"."created_at" BETWEEN ? AND ? AND "books"."user_id" = ?[0m  [["created_at", "2021-06-04 00:00:00"], ["created_at", "2021-06-04 23:59:59.999999"], ["user_id", 1]]
  â†³ app/views/users/show.html.erb:31
  [1m[35m (0.1ms)[0m  [1m[34mSELECT COUNT(*) FROM "books" WHERE "books"."created_at" BETWEEN ? AND ? AND "books"."user_id" = ?[0m  [["created_at", "2021-06-05 00:00:00"], ["created_at", "2021-06-05 23:59:59.999999"], ["user_id", 1]]
  â†³ app/views/users/show.html.erb:32
  [1m[35m (0.1ms)[0m  [1m[34mSELECT COUNT(*) FROM "books" WHERE "books"."created_at" BETWEEN ? AND ? AND "books"."user_id" = ?[0m  [["created_at", "2021-06-06 00:00:00"], ["created_at", "2021-06-06 23:59:59.999999"], ["user_id", 1]]
  â†³ app/views/users/show.html.erb:33
  Rendered users/show.html.erb within layouts/application (90.8ms)
  Rendered layouts/_header.html.erb (1.4ms)
  Rendered layouts/_footer.html.erb (0.2ms)
Completed 200 OK in 505ms (Views: 495.0ms | ActiveRecord: 2.9ms)


Started GET "/users/1" for 113.158.219.117 at 2021-06-06 01:26:49 +0000
Cannot render console from 113.158.219.117! Allowed networks: 127.0.0.1, ::1, 127.0.0.0/127.255.255.255
  [1m[35m (0.1ms)[0m  [1m[34mSELECT "schema_migrations"."version" FROM "schema_migrations" ORDER BY "schema_migrations"."version" ASC[0m
  â†³ /home/ec2-user/.rvm/gems/ruby-2.6.3/gems/activerecord-5.2.5/lib/active_record/log_subscriber.rb:98
Processing by UsersController#show as HTML
  Parameters: {"id"=>"1"}
  [1m[36mUser Load (0.2ms)[0m  [1m[34mSELECT  "users".* FROM "users" WHERE "users"."id" = ? ORDER BY "users"."id" ASC LIMIT ?[0m  [["id", 1], ["LIMIT", 1]]
  â†³ /home/ec2-user/.rvm/gems/ruby-2.6.3/gems/activerecord-5.2.5/lib/active_record/log_subscriber.rb:98
  [1m[36mUser Load (0.2ms)[0m  [1m[34mSELECT  "users".* FROM "users" WHERE "users"."id" = ? LIMIT ?[0m  [["id", 1], ["LIMIT", 1]]
  â†³ app/controllers/users_controller.rb:5
  Rendering users/show.html.erb within layouts/application
  [1m[35m (0.2ms)[0m  [1m[34mSELECT COUNT(*) FROM "users" INNER JOIN "relationships" ON "users"."id" = "relationships"."followed_id" WHERE "relationships"."follower_id" = ?[0m  [["follower_id", 1]]
  â†³ app/views/users/_info.html.erb:15
  [1m[35m (0.1ms)[0m  [1m[34mSELECT COUNT(*) FROM "users" INNER JOIN "relationships" ON "users"."id" = "relationships"."follower_id" WHERE "relationships"."followed_id" = ?[0m  [["followed_id", 1]]
  â†³ app/views/users/_info.html.erb:20
  Rendered users/_info.html.erb (756.6ms)
  Rendered layouts/_errors.html.erb (0.3ms)
  Rendered books/_form.html.erb (12.5ms)
  [1m[36mBook Load (0.2ms)[0m  [1m[34mSELECT "books".* FROM "books" WHERE "books"."user_id" = ?[0m  [["user_id", 1]]
  â†³ app/views/books/_index.html.erb:11
  [1m[36mFavorite Exists (0.1ms)[0m  [1m[34mSELECT  1 AS one FROM "favorites" WHERE "favorites"."book_id" = ? AND "favorites"."user_id" = ? LIMIT ?[0m  [["book_id", 1], ["user_id", 1], ["LIMIT", 1]]
  â†³ app/models/book.rb:8
  [1m[35m (0.1ms)[0m  [1m[34mSELECT COUNT(*) FROM "favorites" WHERE "favorites"."book_id" = ?[0m  [["book_id", 1]]
  â†³ app/views/favorites/_favorite.html.erb:11
  Rendered favorites/_favorite.html.erb (15.1ms)
  [1m[35m (0.1ms)[0m  [1m[34mSELECT COUNT(*) FROM "book_comments" WHERE "book_comments"."book_id" = ?[0m  [["book_id", 1]]
  â†³ app/views/books/_index.html.erb:23
  [1m[36mFavorite Exists (2.0ms)[0m  [1m[34mSELECT  1 AS one FROM "favorites" WHERE "favorites"."book_id" = ? AND "favorites"."user_id" = ? LIMIT ?[0m  [["book_id", 2], ["user_id", 1], ["LIMIT", 1]]
  â†³ app/models/book.rb:8
  [1m[35m (0.1ms)[0m  [1m[34mSELECT COUNT(*) FROM "favorites" WHERE "favorites"."book_id" = ?[0m  [["book_id", 2]]
  â†³ app/views/favorites/_favorite.html.erb:11
  Rendered favorites/_favorite.html.erb (5.0ms)
  [1m[35m (0.1ms)[0m  [1m[34mSELECT COUNT(*) FROM "book_comments" WHERE "book_comments"."book_id" = ?[0m  [["book_id", 2]]
  â†³ app/views/books/_index.html.erb:23
  [1m[36mFavorite Exists (0.1ms)[0m  [1m[34mSELECT  1 AS one FROM "favorites" WHERE "favorites"."book_id" = ? AND "favorites"."user_id" = ? LIMIT ?[0m  [["book_id", 3], ["user_id", 1], ["LIMIT", 1]]
  â†³ app/models/book.rb:8
  [1m[35m (0.1ms)[0m  [1m[34mSELECT COUNT(*) FROM "favorites" WHERE "favorites"."book_id" = ?[0m  [["book_id", 3]]
  â†³ app/views/favorites/_favorite.html.erb:11
  Rendered favorites/_favorite.html.erb (4.7ms)
  [1m[35m (0.1ms)[0m  [1m[34mSELECT COUNT(*) FROM "book_comments" WHERE "book_comments"."book_id" = ?[0m  [["book_id", 3]]
  â†³ app/views/books/_index.html.erb:23
  [1m[36mFavorite Exists (0.1ms)[0m  [1m[34mSELECT  1 AS one FROM "favorites" WHERE "favorites"."book_id" = ? AND "favorites"."user_id" = ? LIMIT ?[0m  [["book_id", 4], ["user_id", 1], ["LIMIT", 1]]
  â†³ app/models/book.rb:8
  [1m[35m (0.1ms)[0m  [1m[34mSELECT COUNT(*) FROM "favorites" WHERE "favorites"."book_id" = ?[0m  [["book_id", 4]]
  â†³ app/views/favorites/_favorite.html.erb:11
  Rendered favorites/_favorite.html.erb (6.1ms)
  [1m[35m (0.1ms)[0m  [1m[34mSELECT COUNT(*) FROM "book_comments" WHERE "book_comments"."book_id" = ?[0m  [["book_id", 4]]
  â†³ app/views/books/_index.html.erb:23
  Rendered books/_index.html.erb (57.7ms)
  [1m[35m (0.2ms)[0m  [1m[34mSELECT COUNT(*) FROM "books" WHERE "books"."created_at" BETWEEN ? AND ? AND "books"."user_id" = ?[0m  [["created_at", "2021-05-31 00:00:00"], ["created_at", "2021-05-31 23:59:59.999999"], ["user_id", 1]]
  â†³ app/views/users/show.html.erb:27
  [1m[35m (0.1ms)[0m  [1m[34mSELECT COUNT(*) FROM "books" WHERE "books"."created_at" BETWEEN ? AND ? AND "books"."user_id" = ?[0m  [["created_at", "2021-06-01 00:00:00"], ["created_at", "2021-06-01 23:59:59.999999"], ["user_id", 1]]
  â†³ app/views/users/show.html.erb:28
  [1m[35m (0.1ms)[0m  [1m[34mSELECT COUNT(*) FROM "books" WHERE "books"."created_at" BETWEEN ? AND ? AND "books"."user_id" = ?[0m  [["created_at", "2021-06-02 00:00:00"], ["created_at", "2021-06-02 23:59:59.999999"], ["user_id", 1]]
  â†³ app/views/users/show.html.erb:29
  [1m[35m (0.1ms)[0m  [1m[34mSELECT COUNT(*) FROM "books" WHERE "books"."created_at" BETWEEN ? AND ? AND "books"."user_id" = ?[0m  [["created_at", "2021-06-03 00:00:00"], ["created_at", "2021-06-03 23:59:59.999999"], ["user_id", 1]]
  â†³ app/views/users/show.html.erb:30
  [1m[35m (0.2ms)[0m  [1m[34mSELECT COUNT(*) FROM "books" WHERE "books"."created_at" BETWEEN ? AND ? AND "books"."user_id" = ?[0m  [["created_at", "2021-06-04 00:00:00"], ["created_at", "2021-06-04 23:59:59.999999"], ["user_id", 1]]
  â†³ app/views/users/show.html.erb:31
  [1m[35m (0.1ms)[0m  [1m[34mSELECT COUNT(*) FROM "books" WHERE "books"."created_at" BETWEEN ? AND ? AND "books"."user_id" = ?[0m  [["created_at", "2021-06-05 00:00:00"], ["created_at", "2021-06-05 23:59:59.999999"], ["user_id", 1]]
  â†³ app/views/users/show.html.erb:32
  [1m[35m (0.1ms)[0m  [1m[34mSELECT COUNT(*) FROM "books" WHERE "books"."created_at" BETWEEN ? AND ? AND "books"."user_id" = ?[0m  [["created_at", "2021-06-06 00:00:00"], ["created_at", "2021-06-06 23:59:59.999999"], ["user_id", 1]]
  â†³ app/views/users/show.html.erb:33
  Rendered users/show.html.erb within layouts/application (852.0ms)
  Rendered layouts/_header.html.erb (0.8ms)
  Rendered layouts/_footer.html.erb (0.2ms)
Completed 200 OK in 1273ms (Views: 1225.6ms | ActiveRecord: 7.2ms)


